[27-Jan-2020 10:36:29 UTC] PHP Notice:  Undefined index: uploadfile in /opt/lampp/htdocs/square/wp-content/plugins/aerial_upload_plugin/aerial_upload_plugin.php on line 34
[27-Jan-2020 10:37:53 UTC] PHP Notice:  Undefined index: uploadfile in /opt/lampp/htdocs/square/wp-content/plugins/aerial_upload_plugin/aerial_upload_plugin.php on line 34
[27-Jan-2020 10:41:58 UTC] PHP Notice:  Undefined index: uploadfile in /opt/lampp/htdocs/square/wp-content/plugins/aerial_upload_plugin/aerial_upload_plugin.php on line 34
[27-Jan-2020 10:42:55 UTC] PHP Notice:  Undefined index: uploadfile in /opt/lampp/htdocs/square/wp-content/plugins/aerial_upload_plugin/aerial_upload_plugin.php on line 34
[27-Jan-2020 10:43:47 UTC] PHP Notice:  Undefined index: uploadfile in /opt/lampp/htdocs/square/wp-content/plugins/aerial_upload_plugin/aerial_upload_plugin.php on line 34
[27-Jan-2020 11:05:16 UTC] PHP Notice:  Undefined variable: FILES in /opt/lampp/htdocs/square/wp-content/plugins/aerial_upload_plugin/aerial_upload_plugin.php on line 36
[27-Jan-2020 11:05:16 UTC] PHP Notice:  Trying to access array offset on value of type null in /opt/lampp/htdocs/square/wp-content/plugins/aerial_upload_plugin/aerial_upload_plugin.php on line 36
[27-Jan-2020 11:05:16 UTC] PHP Notice:  Trying to access array offset on value of type null in /opt/lampp/htdocs/square/wp-content/plugins/aerial_upload_plugin/aerial_upload_plugin.php on line 36
[27-Jan-2020 11:05:16 UTC] PHP Notice:  Undefined variable: wpdb in /opt/lampp/htdocs/square/wp-content/plugins/aerial_upload_plugin/aerial_upload_plugin.php on line 43
[27-Jan-2020 11:05:16 UTC] PHP Fatal error:  Uncaught Error: Call to a member function insert() on null in /opt/lampp/htdocs/square/wp-content/plugins/aerial_upload_plugin/aerial_upload_plugin.php:43
Stack trace:
#0 /opt/lampp/htdocs/square/wp-includes/class-wp-hook.php(288): Upload_file->submit_form('')
#1 /opt/lampp/htdocs/square/wp-includes/class-wp-hook.php(312): WP_Hook->apply_filters('', Array)
#2 /opt/lampp/htdocs/square/wp-includes/plugin.php(478): WP_Hook->do_action(Array)
#3 /opt/lampp/htdocs/square/wp-admin/admin-ajax.php(175): do_action('wp_ajax_submit_...')
#4 {main}
  thrown in /opt/lampp/htdocs/square/wp-content/plugins/aerial_upload_plugin/aerial_upload_plugin.php on line 43
[27-Jan-2020 11:05:59 UTC] PHP Notice:  Undefined variable: FILES in /opt/lampp/htdocs/square/wp-content/plugins/aerial_upload_plugin/aerial_upload_plugin.php on line 36
[27-Jan-2020 11:05:59 UTC] PHP Notice:  Trying to access array offset on value of type null in /opt/lampp/htdocs/square/wp-content/plugins/aerial_upload_plugin/aerial_upload_plugin.php on line 36
[27-Jan-2020 11:05:59 UTC] PHP Notice:  Trying to access array offset on value of type null in /opt/lampp/htdocs/square/wp-content/plugins/aerial_upload_plugin/aerial_upload_plugin.php on line 36
[27-Jan-2020 11:05:59 UTC] PHP Notice:  Undefined variable: wpdb in /opt/lampp/htdocs/square/wp-content/plugins/aerial_upload_plugin/aerial_upload_plugin.php on line 43
[27-Jan-2020 11:05:59 UTC] PHP Fatal error:  Uncaught Error: Call to a member function insert() on null in /opt/lampp/htdocs/square/wp-content/plugins/aerial_upload_plugin/aerial_upload_plugin.php:43
Stack trace:
#0 /opt/lampp/htdocs/square/wp-includes/class-wp-hook.php(288): Upload_file->submit_form('')
#1 /opt/lampp/htdocs/square/wp-includes/class-wp-hook.php(312): WP_Hook->apply_filters('', Array)
#2 /opt/lampp/htdocs/square/wp-includes/plugin.php(478): WP_Hook->do_action(Array)
#3 /opt/lampp/htdocs/square/wp-admin/admin-ajax.php(175): do_action('wp_ajax_submit_...')
#4 {main}
  thrown in /opt/lampp/htdocs/square/wp-content/plugins/aerial_upload_plugin/aerial_upload_plugin.php on line 43
[27-Jan-2020 11:07:08 UTC] PHP Notice:  Undefined variable: FILES in /opt/lampp/htdocs/square/wp-content/plugins/aerial_upload_plugin/aerial_upload_plugin.php on line 36
[27-Jan-2020 11:07:08 UTC] PHP Notice:  Trying to access array offset on value of type null in /opt/lampp/htdocs/square/wp-content/plugins/aerial_upload_plugin/aerial_upload_plugin.php on line 36
[27-Jan-2020 11:07:08 UTC] PHP Notice:  Trying to access array offset on value of type null in /opt/lampp/htdocs/square/wp-content/plugins/aerial_upload_plugin/aerial_upload_plugin.php on line 36
[27-Jan-2020 11:07:28 UTC] PHP Notice:  Undefined variable: FILES in /opt/lampp/htdocs/square/wp-content/plugins/aerial_upload_plugin/aerial_upload_plugin.php on line 36
[27-Jan-2020 11:07:28 UTC] PHP Notice:  Trying to access array offset on value of type null in /opt/lampp/htdocs/square/wp-content/plugins/aerial_upload_plugin/aerial_upload_plugin.php on line 36
[27-Jan-2020 11:07:28 UTC] PHP Notice:  Trying to access array offset on value of type null in /opt/lampp/htdocs/square/wp-content/plugins/aerial_upload_plugin/aerial_upload_plugin.php on line 36
[27-Jan-2020 11:08:10 UTC] PHP Notice:  Undefined variable: FILES in /opt/lampp/htdocs/square/wp-content/plugins/aerial_upload_plugin/aerial_upload_plugin.php on line 36
[27-Jan-2020 11:08:10 UTC] PHP Notice:  Trying to access array offset on value of type null in /opt/lampp/htdocs/square/wp-content/plugins/aerial_upload_plugin/aerial_upload_plugin.php on line 36
[27-Jan-2020 11:08:10 UTC] PHP Notice:  Trying to access array offset on value of type null in /opt/lampp/htdocs/square/wp-content/plugins/aerial_upload_plugin/aerial_upload_plugin.php on line 36
[27-Jan-2020 11:12:44 UTC] PHP Notice:  Undefined variable: FILES in /opt/lampp/htdocs/square/wp-content/plugins/aerial_upload_plugin/aerial_upload_plugin.php on line 36
[27-Jan-2020 11:12:44 UTC] PHP Notice:  Trying to access array offset on value of type null in /opt/lampp/htdocs/square/wp-content/plugins/aerial_upload_plugin/aerial_upload_plugin.php on line 36
[27-Jan-2020 11:12:44 UTC] PHP Notice:  Trying to access array offset on value of type null in /opt/lampp/htdocs/square/wp-content/plugins/aerial_upload_plugin/aerial_upload_plugin.php on line 36
[27-Jan-2020 11:13:35 UTC] PHP Notice:  Undefined variable: FILES in /opt/lampp/htdocs/square/wp-content/plugins/aerial_upload_plugin/aerial_upload_plugin.php on line 36
[27-Jan-2020 11:13:35 UTC] PHP Notice:  Trying to access array offset on value of type null in /opt/lampp/htdocs/square/wp-content/plugins/aerial_upload_plugin/aerial_upload_plugin.php on line 36
[27-Jan-2020 11:13:35 UTC] PHP Notice:  Trying to access array offset on value of type null in /opt/lampp/htdocs/square/wp-content/plugins/aerial_upload_plugin/aerial_upload_plugin.php on line 36
[27-Jan-2020 11:13:50 UTC] PHP Notice:  Undefined variable: FILES in /opt/lampp/htdocs/square/wp-content/plugins/aerial_upload_plugin/aerial_upload_plugin.php on line 36
[27-Jan-2020 11:13:50 UTC] PHP Notice:  Trying to access array offset on value of type null in /opt/lampp/htdocs/square/wp-content/plugins/aerial_upload_plugin/aerial_upload_plugin.php on line 36
[27-Jan-2020 11:13:50 UTC] PHP Notice:  Trying to access array offset on value of type null in /opt/lampp/htdocs/square/wp-content/plugins/aerial_upload_plugin/aerial_upload_plugin.php on line 36
[27-Jan-2020 11:15:40 UTC] PHP Warning:  move_uploaded_file(/opt/lampp/htdocs/square/wp-content/plugins/aerial_upload_plugin/images/kali1.jpg): failed to open stream: Permission denied in /opt/lampp/htdocs/square/wp-content/plugins/aerial_upload_plugin/aerial_upload_plugin.php on line 41
[27-Jan-2020 11:15:40 UTC] PHP Warning:  move_uploaded_file(): Unable to move '/opt/lampp/temp/phpxoJdmN' to '/opt/lampp/htdocs/square/wp-content/plugins/aerial_upload_plugin/images/kali1.jpg' in /opt/lampp/htdocs/square/wp-content/plugins/aerial_upload_plugin/aerial_upload_plugin.php on line 41
[27-Jan-2020 11:16:37 UTC] PHP Warning:  move_uploaded_file(/opt/lampp/htdocs/square/wp-content/plugins/aerial_upload_plugin/images/kali2.jpg): failed to open stream: Permission denied in /opt/lampp/htdocs/square/wp-content/plugins/aerial_upload_plugin/aerial_upload_plugin.php on line 40
[27-Jan-2020 11:16:37 UTC] PHP Warning:  move_uploaded_file(): Unable to move '/opt/lampp/temp/phpFpZjYv' to '/opt/lampp/htdocs/square/wp-content/plugins/aerial_upload_plugin/images/kali2.jpg' in /opt/lampp/htdocs/square/wp-content/plugins/aerial_upload_plugin/aerial_upload_plugin.php on line 40
[27-Jan-2020 11:17:45 UTC] PHP Warning:  move_uploaded_file(/opt/lampp/htdocs/square/wp-content/plugins/aerial_upload_plugin/images/kali2.jpg): failed to open stream: Permission denied in /opt/lampp/htdocs/square/wp-content/plugins/aerial_upload_plugin/aerial_upload_plugin.php on line 40
[27-Jan-2020 11:17:45 UTC] PHP Warning:  move_uploaded_file(): Unable to move '/opt/lampp/temp/phpWd9OaQ' to '/opt/lampp/htdocs/square/wp-content/plugins/aerial_upload_plugin/images/kali2.jpg' in /opt/lampp/htdocs/square/wp-content/plugins/aerial_upload_plugin/aerial_upload_plugin.php on line 40
[27-Jan-2020 11:18:27 UTC] PHP Warning:  move_uploaded_file(/opt/lampp/htdocs/square/wp-content/plugins/aerial_upload_plugin/images/kali2.jpg): failed to open stream: Permission denied in /opt/lampp/htdocs/square/wp-content/plugins/aerial_upload_plugin/aerial_upload_plugin.php on line 40
[27-Jan-2020 11:18:27 UTC] PHP Warning:  move_uploaded_file(): Unable to move '/opt/lampp/temp/phpZwrFFD' to '/opt/lampp/htdocs/square/wp-content/plugins/aerial_upload_plugin/images/kali2.jpg' in /opt/lampp/htdocs/square/wp-content/plugins/aerial_upload_plugin/aerial_upload_plugin.php on line 40
[27-Jan-2020 11:19:19 UTC] PHP Warning:  move_uploaded_file(/opt/lampp/htdocs/square/wp-content/plugins/aerial_upload_plugin/images/kali1.jpg): failed to open stream: Permission denied in /opt/lampp/htdocs/square/wp-content/plugins/aerial_upload_plugin/aerial_upload_plugin.php on line 40
[27-Jan-2020 11:19:19 UTC] PHP Warning:  move_uploaded_file(): Unable to move '/opt/lampp/temp/php6ivIwV' to '/opt/lampp/htdocs/square/wp-content/plugins/aerial_upload_plugin/images/kali1.jpg' in /opt/lampp/htdocs/square/wp-content/plugins/aerial_upload_plugin/aerial_upload_plugin.php on line 40
[27-Jan-2020 11:27:31 UTC] PHP Warning:  move_uploaded_file(/opt/lampp/htdocs/square/wp-content/plugins/aerial_upload_plugin/images/kali2.jpg): failed to open stream: Permission denied in /opt/lampp/htdocs/square/wp-content/plugins/aerial_upload_plugin/aerial_upload_plugin.php on line 41
[27-Jan-2020 11:27:31 UTC] PHP Warning:  move_uploaded_file(): Unable to move '/opt/lampp/temp/phpxBRHBO' to '/opt/lampp/htdocs/square/wp-content/plugins/aerial_upload_plugin/images/kali2.jpg' in /opt/lampp/htdocs/square/wp-content/plugins/aerial_upload_plugin/aerial_upload_plugin.php on line 41
[27-Jan-2020 11:27:31 UTC] PHP Notice:  Undefined variable: temp_name in /opt/lampp/htdocs/square/wp-content/plugins/aerial_upload_plugin/aerial_upload_plugin.php on line 43
[27-Jan-2020 11:27:57 UTC] PHP Warning:  move_uploaded_file(/opt/lampp/htdocs/square/wp-content/plugins/aerial_upload_plugin/images/kali2.jpg): failed to open stream: Permission denied in /opt/lampp/htdocs/square/wp-content/plugins/aerial_upload_plugin/aerial_upload_plugin.php on line 41
[27-Jan-2020 11:27:57 UTC] PHP Warning:  move_uploaded_file(): Unable to move '/opt/lampp/temp/phpRq0Vy8' to '/opt/lampp/htdocs/square/wp-content/plugins/aerial_upload_plugin/images/kali2.jpg' in /opt/lampp/htdocs/square/wp-content/plugins/aerial_upload_plugin/aerial_upload_plugin.php on line 41
[27-Jan-2020 11:36:15 UTC] PHP Fatal error:  Uncaught Error: Class 'Date' not found in /opt/lampp/htdocs/square/wp-content/plugins/aerial_upload_plugin/aerial_upload_plugin.php:44
Stack trace:
#0 /opt/lampp/htdocs/square/wp-includes/class-wp-hook.php(288): Upload_file->submit_form('')
#1 /opt/lampp/htdocs/square/wp-includes/class-wp-hook.php(312): WP_Hook->apply_filters('', Array)
#2 /opt/lampp/htdocs/square/wp-includes/plugin.php(478): WP_Hook->do_action(Array)
#3 /opt/lampp/htdocs/square/wp-admin/admin-ajax.php(175): do_action('wp_ajax_submit_...')
#4 {main}
  thrown in /opt/lampp/htdocs/square/wp-content/plugins/aerial_upload_plugin/aerial_upload_plugin.php on line 44
[27-Jan-2020 11:38:19 UTC] PHP Fatal error:  Uncaught Error: Class 'Date' not found in /opt/lampp/htdocs/square/wp-content/plugins/aerial_upload_plugin/aerial_upload_plugin.php:44
Stack trace:
#0 /opt/lampp/htdocs/square/wp-includes/class-wp-hook.php(288): Upload_file->submit_form('')
#1 /opt/lampp/htdocs/square/wp-includes/class-wp-hook.php(312): WP_Hook->apply_filters('', Array)
#2 /opt/lampp/htdocs/square/wp-includes/plugin.php(478): WP_Hook->do_action(Array)
#3 /opt/lampp/htdocs/square/wp-admin/admin-ajax.php(175): do_action('wp_ajax_submit_...')
#4 {main}
  thrown in /opt/lampp/htdocs/square/wp-content/plugins/aerial_upload_plugin/aerial_upload_plugin.php on line 44
[27-Jan-2020 11:38:52 UTC] PHP Fatal error:  Uncaught Error: Class 'Date' not found in /opt/lampp/htdocs/square/wp-content/plugins/aerial_upload_plugin/aerial_upload_plugin.php:44
Stack trace:
#0 /opt/lampp/htdocs/square/wp-includes/class-wp-hook.php(288): Upload_file->submit_form('')
#1 /opt/lampp/htdocs/square/wp-includes/class-wp-hook.php(312): WP_Hook->apply_filters('', Array)
#2 /opt/lampp/htdocs/square/wp-includes/plugin.php(478): WP_Hook->do_action(Array)
#3 /opt/lampp/htdocs/square/wp-admin/admin-ajax.php(175): do_action('wp_ajax_submit_...')
#4 {main}
  thrown in /opt/lampp/htdocs/square/wp-content/plugins/aerial_upload_plugin/aerial_upload_plugin.php on line 44
[27-Jan-2020 11:40:27 UTC] PHP Fatal error:  Uncaught Error: Class 'Date' not found in /opt/lampp/htdocs/square/wp-content/plugins/aerial_upload_plugin/aerial_upload_plugin.php:44
Stack trace:
#0 /opt/lampp/htdocs/square/wp-includes/class-wp-hook.php(288): Upload_file->submit_form('')
#1 /opt/lampp/htdocs/square/wp-includes/class-wp-hook.php(312): WP_Hook->apply_filters('', Array)
#2 /opt/lampp/htdocs/square/wp-includes/plugin.php(478): WP_Hook->do_action(Array)
#3 /opt/lampp/htdocs/square/wp-admin/admin-ajax.php(175): do_action('wp_ajax_submit_...')
#4 {main}
  thrown in /opt/lampp/htdocs/square/wp-content/plugins/aerial_upload_plugin/aerial_upload_plugin.php on line 44
[27-Jan-2020 11:48:44 UTC] PHP Fatal error:  Uncaught Error: Class 'Date' not found in /opt/lampp/htdocs/square/wp-content/plugins/aerial_upload_plugin/aerial_upload_plugin.php:44
Stack trace:
#0 /opt/lampp/htdocs/square/wp-includes/class-wp-hook.php(288): Upload_file->submit_form('')
#1 /opt/lampp/htdocs/square/wp-includes/class-wp-hook.php(312): WP_Hook->apply_filters('', Array)
#2 /opt/lampp/htdocs/square/wp-includes/plugin.php(478): WP_Hook->do_action(Array)
#3 /opt/lampp/htdocs/square/wp-admin/admin-ajax.php(175): do_action('wp_ajax_submit_...')
#4 {main}
  thrown in /opt/lampp/htdocs/square/wp-content/plugins/aerial_upload_plugin/aerial_upload_plugin.php on line 44
[27-Jan-2020 11:49:16 UTC] PHP Fatal error:  Uncaught Error: Class 'Date' not found in /opt/lampp/htdocs/square/wp-content/plugins/aerial_upload_plugin/aerial_upload_plugin.php:42
Stack trace:
#0 /opt/lampp/htdocs/square/wp-includes/class-wp-hook.php(288): Upload_file->submit_form('')
#1 /opt/lampp/htdocs/square/wp-includes/class-wp-hook.php(312): WP_Hook->apply_filters('', Array)
#2 /opt/lampp/htdocs/square/wp-includes/plugin.php(478): WP_Hook->do_action(Array)
#3 /opt/lampp/htdocs/square/wp-admin/admin-ajax.php(175): do_action('wp_ajax_submit_...')
#4 {main}
  thrown in /opt/lampp/htdocs/square/wp-content/plugins/aerial_upload_plugin/aerial_upload_plugin.php on line 42
[27-Jan-2020 11:52:14 UTC] PHP Fatal error:  Uncaught Error: Class 'Date' not found in /opt/lampp/htdocs/square/wp-content/plugins/aerial_upload_plugin/aerial_upload_plugin.php:42
Stack trace:
#0 /opt/lampp/htdocs/square/wp-includes/class-wp-hook.php(288): Upload_file->submit_form('')
#1 /opt/lampp/htdocs/square/wp-includes/class-wp-hook.php(312): WP_Hook->apply_filters('', Array)
#2 /opt/lampp/htdocs/square/wp-includes/plugin.php(478): WP_Hook->do_action(Array)
#3 /opt/lampp/htdocs/square/wp-admin/admin-ajax.php(175): do_action('wp_ajax_submit_...')
#4 {main}
  thrown in /opt/lampp/htdocs/square/wp-content/plugins/aerial_upload_plugin/aerial_upload_plugin.php on line 42
[27-Jan-2020 11:52:41 UTC] PHP Fatal error:  Uncaught Error: Class 'Date' not found in /opt/lampp/htdocs/square/wp-content/plugins/aerial_upload_plugin/aerial_upload_plugin.php:42
Stack trace:
#0 /opt/lampp/htdocs/square/wp-includes/class-wp-hook.php(288): Upload_file->submit_form('')
#1 /opt/lampp/htdocs/square/wp-includes/class-wp-hook.php(312): WP_Hook->apply_filters('', Array)
#2 /opt/lampp/htdocs/square/wp-includes/plugin.php(478): WP_Hook->do_action(Array)
#3 /opt/lampp/htdocs/square/wp-admin/admin-ajax.php(175): do_action('wp_ajax_submit_...')
#4 {main}
  thrown in /opt/lampp/htdocs/square/wp-content/plugins/aerial_upload_plugin/aerial_upload_plugin.php on line 42
[27-Jan-2020 11:53:04 UTC] PHP Parse error:  syntax error, unexpected '*' in /opt/lampp/htdocs/square/wp-content/plugins/aerial_upload_plugin/aerial_upload_plugin.php on line 53
[27-Jan-2020 11:53:44 UTC] PHP Fatal error:  Uncaught Error: Class 'Date' not found in /opt/lampp/htdocs/square/wp-content/plugins/aerial_upload_plugin/aerial_upload_plugin.php:42
Stack trace:
#0 /opt/lampp/htdocs/square/wp-includes/class-wp-hook.php(288): Upload_file->submit_form('')
#1 /opt/lampp/htdocs/square/wp-includes/class-wp-hook.php(312): WP_Hook->apply_filters('', Array)
#2 /opt/lampp/htdocs/square/wp-includes/plugin.php(478): WP_Hook->do_action(Array)
#3 /opt/lampp/htdocs/square/wp-admin/admin-ajax.php(175): do_action('wp_ajax_submit_...')
#4 {main}
  thrown in /opt/lampp/htdocs/square/wp-content/plugins/aerial_upload_plugin/aerial_upload_plugin.php on line 42
[27-Jan-2020 11:54:43 UTC] PHP Notice:  Array to string conversion in /opt/lampp/htdocs/square/wp-content/plugins/aerial_upload_plugin/aerial_upload_plugin.php on line 43
[27-Jan-2020 12:00:15 UTC] PHP Notice:  wpdb::prepare was called <strong>incorrectly</strong>. Unsupported value type (array). Please see <a href="https://wordpress.org/support/article/debugging-in-wordpress/">Debugging in WordPress</a> for more information. (This message was added in version 4.8.2.) in /opt/lampp/htdocs/square/wp-includes/functions.php on line 4986
[27-Jan-2020 12:00:15 UTC] PHP Warning:  mysqli_real_escape_string() expects parameter 2 to be string, array given in /opt/lampp/htdocs/square/wp-includes/wp-db.php on line 1165
[27-Jan-2020 12:02:13 UTC] PHP Notice:  wpdb::prepare was called <strong>incorrectly</strong>. Unsupported value type (array). Please see <a href="https://wordpress.org/support/article/debugging-in-wordpress/">Debugging in WordPress</a> for more information. (This message was added in version 4.8.2.) in /opt/lampp/htdocs/square/wp-includes/functions.php on line 4986
[27-Jan-2020 12:02:13 UTC] PHP Warning:  mysqli_real_escape_string() expects parameter 2 to be string, array given in /opt/lampp/htdocs/square/wp-includes/wp-db.php on line 1165
[27-Jan-2020 12:10:24 UTC] WordPress database error Table 'square.Aerial_upload_plugin' doesn't exist for query SELECT * FROM `Aerial_upload_plugin` made by do_action('toplevel_page_aerial_upload_plugin'), WP_Hook->do_action, WP_Hook->apply_filters, Upload_file->admin_index, require_once('/plugins/aerial_upload_plugin/admin_page.php')
[27-Jan-2020 13:10:11 UTC] WordPress database error Duplicate entry '0' for key 'PRIMARY' for query INSERT INTO `Aerial_upload_images` (`IMAGE_DIR`, `USER_ID`, `DATE`) VALUES ('/opt/lampp/htdocs/square/wp-content/plugins/aerial_upload_plugin/images/kali2.jpg', 'hunterd270b', '27-1-2020') made by do_action('wp_ajax_submit_form'), WP_Hook->do_action, WP_Hook->apply_filters, Upload_file->submit_form
[27-Jan-2020 13:11:17 UTC] WordPress database error Table 'square.Aerial_upload_images' doesn't exist for query SELECT * FROM `Aerial_upload_images` made by do_action('toplevel_page_aerial_upload_plugin'), WP_Hook->do_action, WP_Hook->apply_filters, Upload_file->admin_index, require_once('/plugins/aerial_upload_plugin/admin_page.php')
[27-Jan-2020 13:13:31 UTC] WordPress database error Duplicate entry '0' for key 'PRIMARY' for query INSERT INTO `Aerial_upload_images` (`IMAGE_DIR`, `USER_ID`, `DATE`) VALUES ('/opt/lampp/htdocs/square/wp-content/plugins/aerial_upload_plugin/images/Isometric-house (1).png', 'hunterd270b', '27-1-2020') made by do_action('wp_ajax_submit_form'), WP_Hook->do_action, WP_Hook->apply_filters, Upload_file->submit_form
[27-Jan-2020 13:23:03 UTC] WordPress database error Duplicate entry '0' for key 'PRIMARY' for query INSERT INTO `Aerial_upload_images` (`IMAGE_DIR`, `USER_ID`, `DATE`) VALUES ('/opt/lampp/htdocs/square/wp-content/plugins/aerial_upload_plugin/images/Isometric-house (1).png', 'hunterd270b@gmail.com', '27-1-2020') made by do_action('wp_ajax_submit_form'), WP_Hook->do_action, WP_Hook->apply_filters, Upload_file->submit_form
[27-Jan-2020 13:23:07 UTC] WordPress database error Duplicate entry '0' for key 'PRIMARY' for query INSERT INTO `Aerial_upload_images` (`IMAGE_DIR`, `USER_ID`, `DATE`) VALUES ('/opt/lampp/htdocs/square/wp-content/plugins/aerial_upload_plugin/images/Isometric-house (1).png', 'hunterd270b@gmail.com', '27-1-2020') made by do_action('wp_ajax_submit_form'), WP_Hook->do_action, WP_Hook->apply_filters, Upload_file->submit_form
[27-Jan-2020 13:31:19 UTC] WordPress database error Duplicate entry '0' for key 'PRIMARY' for query INSERT INTO `Aerial_upload_images` (`IMAGE_DIR`, `USER_ID`, `DATE`) VALUES ('/opt/lampp/htdocs/square/wp-content/plugins/aerial_upload_plugin/images/kali1.jpg', 'bharatbsht08@gmail.com', '27-1-2020') made by do_action('wp_ajax_submit_form'), WP_Hook->do_action, WP_Hook->apply_filters, Upload_file->submit_form
[27-Jan-2020 13:31:38 UTC] WordPress database error Duplicate entry '0' for key 'PRIMARY' for query INSERT INTO `Aerial_upload_images` (`IMAGE_DIR`, `USER_ID`, `DATE`) VALUES ('/opt/lampp/htdocs/square/wp-content/plugins/aerial_upload_plugin/images/Isometric-house (1).png', 'hunterd270b@gmail.com', '27-1-2020') made by do_action('wp_ajax_submit_form'), WP_Hook->do_action, WP_Hook->apply_filters, Upload_file->submit_form
[27-Jan-2020 13:32:37 UTC] PHP Warning:  Cannot modify header information - headers already sent by (output started at /opt/lampp/htdocs/square/wp-content/plugins/aerial_upload_plugin/aerial_upload_plugin.php:125) in /opt/lampp/htdocs/square/wp-admin/admin-header.php on line 9
[27-Jan-2020 13:32:43 UTC] PHP Warning:  Cannot modify header information - headers already sent by (output started at /opt/lampp/htdocs/square/wp-content/plugins/aerial_upload_plugin/aerial_upload_plugin.php:125) in /opt/lampp/htdocs/square/wp-admin/admin-header.php on line 9
[27-Jan-2020 13:33:02 UTC] WordPress database error Duplicate entry '0' for key 'PRIMARY' for query INSERT INTO `Aerial_upload_images` (`IMAGE_DIR`, `USER_ID`, `DATE`) VALUES ('/opt/lampp/htdocs/square/wp-content/plugins/aerial_upload_plugin/images/kali2.jpg', 'hunterd270b@gmail.com', '27-1-2020') made by do_action('wp_ajax_submit_form'), WP_Hook->do_action, WP_Hook->apply_filters, Upload_file->submit_form
[27-Jan-2020 13:34:32 UTC] WordPress database error Duplicate entry '0' for key 'PRIMARY' for query INSERT INTO `Aerial_upload_images` (`IMAGE_DIR`, `USER_ID`, `DATE`) VALUES ('/opt/lampp/htdocs/square/wp-content/plugins/aerial_upload_plugin/images/kali2.jpg', 'hunterd270b@gmail.com', '27-1-2020') made by do_action('wp_ajax_submit_form'), WP_Hook->do_action, WP_Hook->apply_filters, Upload_file->submit_form
[27-Jan-2020 13:35:29 UTC] WordPress database error Duplicate entry '0' for key 'PRIMARY' for query INSERT INTO `Aerial_upload_images` (`IMAGE_DIR`, `USER_ID`, `DATE`) VALUES ('/opt/lampp/htdocs/square/wp-content/plugins/aerial_upload_plugin/images/926877.jpg', 'hunterd270b@gmail.com', '27-1-2020') made by do_action('wp_ajax_submit_form'), WP_Hook->do_action, WP_Hook->apply_filters, Upload_file->submit_form
[27-Jan-2020 13:36:04 UTC] WordPress database error Duplicate entry '0' for key 'PRIMARY' for query INSERT INTO `Aerial_upload_images` (`IMAGE_DIR`, `USER_ID`, `DATE`) VALUES ('/opt/lampp/htdocs/square/wp-content/plugins/aerial_upload_plugin/images/kali2.jpg', 'hunterd270b@gmail.com', '27-1-2020') made by do_action('wp_ajax_submit_form'), WP_Hook->do_action, WP_Hook->apply_filters, Upload_file->submit_form
[27-Jan-2020 13:36:58 UTC] WordPress database error Duplicate entry '0' for key 'PRIMARY' for query INSERT INTO `Aerial_upload_images` (`IMAGE_DIR`, `USER_ID`, `DATE`) VALUES ('/opt/lampp/htdocs/square/wp-content/plugins/aerial_upload_plugin/images/1012369.png', 'hunterd270b@gmail.com', '27-1-2020') made by do_action('wp_ajax_nopriv_submit_form'), WP_Hook->do_action, WP_Hook->apply_filters, Upload_file->submit_form
